[01:19:00.255] [INFO] storybook v10.2.6
[01:19:00.751] [DEBUG] Getting package.json info for /home/runner/work/dashboard-server/dashboard-server/package.json...
[01:19:00.764] [ERROR] [38;2;241;97;97mSB_CORE-SERVER_0002 (CriticalPresetLoadError): Storybook failed to load the following preset: @storybook/html-vite/preset.

Please check whether your setup is correct, the Storybook dependencies (and their peer dependencies) are installed correctly and there are no package version clashes.

If you believe this is a bug, please open an issue on Github.

Error [ERR_MODULE_NOT_FOUND]: Cannot find package '@storybook/html-vite' imported from /home/runner/.npm/_npx/6fe9a9991b157df1/node_modules/storybook/dist/_node-chunks/chunk-ZL6YCEPJ.js
    at packageResolve (node:internal/modules/esm/resolve:873:9)
    at moduleResolve (node:internal/modules/esm/resolve:946:18)
    at defaultResolve (node:internal/modules/esm/resolve:1188:11)
    at nextResolve (node:internal/modules/esm/hooks:864:28)
    at Hooks.resolve (node:internal/modules/esm/hooks:306:30)
    at MessagePort.handleMessage (node:internal/modules/esm/worker:196:24)
    at [nodejs.internal.kHybridDispatch] (node:internal/event_target:831:20)
    at MessagePort.<anonymous> (node:internal/per_context/messageport:23:28)

More info: 
[39m
    at loadPreset (file:///home/runner/.npm/_npx/6fe9a9991b157df1/node_modules/storybook/dist/_node-chunks/chunk-7TARJQRJ.js:10081:13)
    at async Promise.all (index 0)
    at async loadPresets (file:///home/runner/.npm/_npx/6fe9a9991b157df1/node_modules/storybook/dist/_node-chunks/chunk-7TARJQRJ.js:10090:73)
    at async getPresets (file:///home/runner/.npm/_npx/6fe9a9991b157df1/node_modules/storybook/dist/_node-chunks/chunk-7TARJQRJ.js:10121:23)
    at async buildDevStandalone (file:///home/runner/.npm/_npx/6fe9a9991b157df1/node_modules/storybook/dist/core-server/index.js:7532:17)
    at async withTelemetry (file:///home/runner/.npm/_npx/6fe9a9991b157df1/node_modules/storybook/dist/_node-chunks/chunk-AYHC7DAM.js:218:12)
    at async dev (file:///home/runner/.npm/_npx/6fe9a9991b157df1/node_modules/storybook/dist/bin/core.js:2734:3)
    at async _Command.<anonymous> (file:///home/runner/.npm/_npx/6fe9a9991b157df1/node_modules/storybook/dist/bin/core.js:2801:92)
[01:19:00.774] [WARN] Broken build, fix the error above.
You may need to refresh the browser.
[01:19:00.779] [INFO] Storybook collects completely anonymous usage telemetry. We use it to shape Storybook's roadmap and prioritize features. You can learn more, including how to opt out, at https://storybook.js.org/telemetry